GROUP,PACKAGE,CLASS,INSTRUCTION_MISSED,INSTRUCTION_COVERED,BRANCH_MISSED,BRANCH_COVERED,LINE_MISSED,LINE_COVERED,COMPLEXITY_MISSED,COMPLEXITY_COVERED,METHOD_MISSED,METHOD_COVERED
spring-security-jwt,io.thetechthirsty.springsecurityjwt.util,JwtUtil,91,6,4,0,13,2,10,1,8,1
spring-security-jwt,io.thetechthirsty.springsecurityjwt.model,AuthenticationResponse,9,0,0,0,4,0,2,0,2,0
spring-security-jwt,io.thetechthirsty.springsecurityjwt.model,AuthenticationRequest,26,0,0,0,12,0,6,0,6,0
spring-security-jwt,io.thetechthirsty.springsecurityjwt,SecurityConfig,0,73,0,0,0,12,0,5,0,5
spring-security-jwt,io.thetechthirsty.springsecurityjwt,SpringSecurityJwtApplication,8,0,0,0,3,0,2,0,2,0
spring-security-jwt,io.thetechthirsty.springsecurityjwt.filters,JwtRequestFilter,63,3,10,0,16,1,6,1,1,1
spring-security-jwt,io.thetechthirsty.springsecurityjwt.api,HelloResource,33,0,0,0,7,0,3,0,3,0
spring-security-jwt,io.thetechthirsty.springsecurityjwt.service,MyUserDetailsService,18,3,2,0,3,1,2,1,1,1
